<?xml version="1.0" encoding="UTF-8"?>
<testsuite xmlns:xsi="http://www.w3.org/2001/XMLSchema-instance" xsi:noNamespaceSchemaLocation="https://maven.apache.org/surefire/maven-surefire-plugin/xsd/surefire-test-report-3.0.xsd" version="3.0" name="com.ulp.ciudadanoTest" time="0.074" tests="5" errors="1" skipped="0" failures="1">
  <properties>
[...]
</properties>
  <testcase name="testCiudadanosDiferentes" classname="com.ulp.ciudadanoTest" time="0.007">
    <system-out><![CDATA[INGRESO de ciudadano del bien
-------------------------------------------------
Iniciando Test número: 1
Fin del test.
-------------------------------------------------
]]></system-out>
  </testcase>
  <testcase name="testDelay" classname="com.ulp.ciudadanoTest" time="0.038">
    <error message="test timed out after 30 milliseconds" type="org.junit.runners.model.TestTimedOutException"><![CDATA[org.junit.runners.model.TestTimedOutException: test timed out after 30 milliseconds
	at java.base/java.lang.Thread.sleepNanos0(Native Method)
	at java.base/java.lang.Thread.sleepNanos(Thread.java:551)
	at java.base/java.lang.Thread.sleep(Thread.java:582)
	at com.ulp.Entidades.Ciudadano.delay(Ciudadano.java:43)
	at com.ulp.ciudadanoTest.testDelay(ciudadanoTest.java:80)
	at java.base/java.lang.reflect.Method.invoke(Method.java:565)
	at java.base/java.util.concurrent.FutureTask.run(FutureTask.java:330)
	at java.base/java.lang.Thread.run(Thread.java:1516)
]]></error>
    <system-out><![CDATA[-------------------------------------------------
Iniciando Test número: 2
Fin del test.
-------------------------------------------------
Delay de 45 milisegundos
]]></system-out>
  </testcase>
  <testcase name="testValidarUsr" classname="com.ulp.ciudadanoTest" time="0.001">
    <failure message="Se esperaba que fallara la validación de usuario" type="java.lang.AssertionError"><![CDATA[java.lang.AssertionError: Se esperaba que fallara la validación de usuario
	at org.junit.Assert.fail(Assert.java:89)
	at org.junit.Assert.assertTrue(Assert.java:42)
	at com.ulp.ciudadanoTest.testValidarUsr(ciudadanoTest.java:54)
	at java.base/java.lang.reflect.Method.invoke(Method.java:565)
]]></failure>
    <system-out><![CDATA[-------------------------------------------------
Iniciando Test número: 3
Fin del test.
-------------------------------------------------
]]></system-out>
  </testcase>
  <testcase name="TestCambioPass" classname="com.ulp.ciudadanoTest" time="0.001">
    <system-out><![CDATA[-------------------------------------------------
Iniciando Test número: 4
Cambio de contraseña exitoso a: 1234
Fin del test.
-------------------------------------------------
]]></system-out>
  </testcase>
  <testcase name="testValidarEmail" classname="com.ulp.ciudadanoTest" time="0.001">
    <system-out><![CDATA[-------------------------------------------------
Iniciando Test número: 5
Fin del test.
-------------------------------------------------
]]></system-out>
  </testcase>
</testsuite>